2020-04-23 14:16:53,968:INFO:1110000 1100001 1110010 1110110
2020-04-23 14:16:53,969:INFO:1110000 1100001 1110010 1110110
2020-04-23 14:21:18,347:INFO:1111001 1110100 1111001 1110100
2020-04-23 14:21:36,243:INFO:1101001 1101010 1101001
2020-04-23 14:21:36,244:INFO:1101001 1101010 1101001
2020-04-23 14:48:10,754:INFO:Email sent successfully
2020-04-23 15:02:34,279:INFO:1100001 1101110
2020-04-23 15:02:34,279:INFO:converted to binary successfully
2020-04-23 15:02:34,279:INFO:1100001 1101110
2020-04-23 15:02:34,279:INFO:converted to binary successfully
2020-04-23 18:14:55,166:INFO:1101010 1100100 1110111 1101001 1101010 1100100
2020-04-23 18:14:55,168:INFO:converted to binary successfully
2020-04-23 18:14:55,172:INFO:1101010 1100100 1110111 1101001 1101010 1100100
2020-04-23 18:14:55,172:INFO:converted to binary successfully
2020-04-23 18:15:18,455:INFO:1101011 1101011
2020-04-23 18:15:18,456:INFO:converted to binary successfully
2020-04-23 18:15:25,870:INFO:1101011 1101011 1101010 1101010
2020-04-23 18:15:25,871:INFO:converted to binary successfully
2020-04-23 18:16:12,200:INFO:1101011
2020-04-23 18:16:12,201:INFO:converted to binary successfully
2020-04-23 18:16:18,906:INFO:1101011 1101011 1101011
2020-04-23 18:16:18,907:INFO:converted to binary successfully
2020-04-23 18:16:54,027:INFO:1100111 1101000 1100110
2020-04-23 18:16:54,028:INFO:converted to binary successfully
2020-04-23 18:16:58,779:INFO:1100111 1101000 1100110 1110011 1101001 1101101 1110011 1101001
2020-04-23 18:16:58,780:INFO:converted to binary successfully
2020-04-23 18:17:22,240:INFO:1101010 1101010
2020-04-23 18:17:22,241:INFO:converted to binary successfully
2020-04-23 18:17:33,331:INFO:1101010 1101010
2020-04-23 18:17:33,332:INFO:converted to binary successfully
2020-04-23 18:17:33,333:INFO:1101010 1101010
2020-04-23 18:17:33,333:INFO:converted to binary successfully
2020-04-23 18:19:58,969:INFO:1100111 1100110
2020-04-23 18:19:58,970:INFO:converted to binary successfully
2020-04-23 18:19:58,971:INFO:1100111 1100110
2020-04-23 18:19:58,972:INFO:converted to binary successfully
2020-04-23 18:21:48,934:INFO:1100110
2020-04-23 18:21:48,936:INFO:converted to binary successfully
2020-04-23 18:21:48,937:INFO:1100110
2020-04-23 18:21:48,937:INFO:converted to binary successfully
2020-04-23 18:23:01,125:INFO:1101011
2020-04-23 18:23:01,126:INFO:converted to binary successfully
2020-04-23 18:23:01,127:INFO:1101011
2020-04-23 18:23:01,127:INFO:converted to binary successfully
2020-04-23 18:33:46,756:INFO:1110011
2020-04-23 18:33:46,757:INFO:converted to binary successfully
2020-04-23 18:33:46,758:INFO:1110011
2020-04-23 18:33:46,759:INFO:converted to binary successfully
2020-04-23 18:41:00,902:INFO:1100001 1110101 1101111 1110110 1101111
2020-04-23 18:41:00,904:INFO:converted to binary successfully
2020-04-23 18:41:00,905:INFO:1100001 1110101 1101111 1110110 1101111
2020-04-23 18:41:00,905:INFO:converted to binary successfully
2020-04-23 18:42:25,790:INFO:1110000 1111010 1110010 1110110 1110110 1110110 1110110 1110110 1110110 1110110 1110110 1110110 1110110 1110110 1110110 1110110
2020-04-23 18:42:25,791:INFO:converted to binary successfully
2020-04-23 18:42:25,792:INFO:1110000 1111010 1110010 1110110 1110110 1110110 1110110 1110110 1110110 1110110 1110110 1110110 1110110 1110110 1110110 1110110
2020-04-23 18:42:25,792:INFO:converted to binary successfully
2020-04-23 18:42:44,010:INFO:1110000 1111010 1110010 1110110 1110110 1110110 1110110 1110110 1110110 100000 1110110 1110110 1110110 1110110 1110110 1110110 1110110
2020-04-23 18:42:44,011:INFO:converted to binary successfully
2020-04-23 18:42:44,011:INFO:1110000 1111010 1110010 1110110 1110110 1110110 1110110 1110110 1110110 100000 1110110 1110110 1110110 1110110 1110110 1110110 1110110
2020-04-23 18:42:44,012:INFO:converted to binary successfully
2020-04-23 18:53:03,102:INFO:1000010 1110101 1110110 1100011 1001111 1010111 1010110 1010101 1001111
2020-04-23 18:53:03,102:INFO:converted to binary successfully
2020-04-23 18:53:03,102:INFO:1000010 1110101 1110110 1100011 1001111 1010111 1010110 1010101 1001111
2020-04-23 18:53:03,102:INFO:converted to binary successfully
2020-04-23 19:12:16,998:INFO:output in bytes
2020-04-24 10:09:40,774:INFO:1101101 1101101 1101101 1101101 1101101 1101101 1101101
2020-04-24 10:09:40,774:INFO:converted to binary successfully
2020-04-24 10:09:40,774:INFO:1101101 1101101 1101101 1101101 1101101 1101101 1101101
2020-04-24 10:09:40,774:INFO:converted to binary successfully
2020-04-24 10:09:42,640:INFO:output in bytes
2020-04-24 11:50:24,496:INFO:1101101 1100101 1100101
2020-04-24 11:50:24,497:INFO:converted to binary successfully
2020-04-24 11:50:24,498:INFO:1101101 1100101 1100101
2020-04-24 11:50:24,498:INFO:converted to binary successfully
2020-04-24 11:50:28,633:INFO:output in bytes
2020-04-24 13:09:02,857:INFO:1110011
2020-04-24 13:09:02,858:INFO:converted to binary successfully
2020-04-24 13:09:02,859:INFO:1110011
2020-04-24 13:09:02,859:INFO:converted to binary successfully
2020-04-24 13:09:03,423:INFO:1110011
2020-04-24 13:09:03,427:INFO:converted to binary successfully
2020-04-24 13:09:03,428:INFO:1110011
2020-04-24 13:09:03,428:INFO:converted to binary successfully
2020-04-24 13:09:04,137:INFO:1110011
2020-04-24 13:09:04,138:INFO:converted to binary successfully
2020-04-24 13:09:04,139:INFO:1110011
2020-04-24 13:09:04,139:INFO:converted to binary successfully
2020-04-24 13:09:09,516:INFO:output in bytes
2020-04-24 13:09:10,104:INFO:output in bytes
2020-04-24 13:09:10,783:INFO:output in bytes
2020-04-24 13:09:17,311:INFO:output in bytes
2020-04-24 13:09:17,874:INFO:output in bytes
2020-04-24 13:09:18,569:INFO:output in bytes
2020-04-24 13:09:22,607:INFO:output in bytes
2020-04-24 13:10:28,205:INFO:1110010 1100110 1110111 1110010 1100110
2020-04-24 13:10:28,206:INFO:converted to binary successfully
2020-04-24 13:10:28,208:INFO:1110010 1100110 1110111 1110010 1100110
2020-04-24 13:10:28,208:INFO:converted to binary successfully
2020-04-24 13:10:28,692:INFO:1110010 1100110 1110111 1110010 1100110
2020-04-24 13:10:28,693:INFO:converted to binary successfully
2020-04-24 13:10:28,694:INFO:1110010 1100110 1110111 1110010 1100110
2020-04-24 13:10:28,695:INFO:converted to binary successfully
2020-04-24 13:10:29,691:INFO:1110010 1100110 1110111 1110010 1100110
2020-04-24 13:10:29,692:INFO:converted to binary successfully
2020-04-24 13:10:29,694:INFO:1110010 1100110 1110111 1110010 1100110
2020-04-24 13:10:29,694:INFO:converted to binary successfully
2020-04-24 13:13:30,570:INFO:1110111 1110010 1100111 1110111 1100111
2020-04-24 13:13:30,571:INFO:converted to binary successfully
2020-04-24 13:13:30,572:INFO:1110111 1110010 1100111 1110111 1100111
2020-04-24 13:13:30,572:INFO:converted to binary successfully
2020-04-24 13:13:32,368:INFO:1110111 1110010 1100111 1110111 1100111
2020-04-24 13:13:32,369:INFO:converted to binary successfully
2020-04-24 13:13:32,370:INFO:1110111 1110010 1100111 1110111 1100111
2020-04-24 13:13:32,371:INFO:converted to binary successfully
2020-04-24 13:13:47,838:INFO:1110111 1100111 1110111
2020-04-24 13:13:47,839:INFO:converted to binary successfully
2020-04-24 13:13:47,840:INFO:1110111 1100111 1110111
2020-04-24 13:13:47,841:INFO:converted to binary successfully
2020-04-24 13:14:23,403:INFO:1100101 1100110 1100110 1100101
2020-04-24 13:14:23,404:INFO:converted to binary successfully
2020-04-24 13:14:23,404:INFO:1100101 1100110 1100110 1100101
2020-04-24 13:14:23,405:INFO:converted to binary successfully
2020-04-24 13:14:24,036:INFO:1100101 1100110 1100110 1100101
2020-04-24 13:14:24,037:INFO:converted to binary successfully
2020-04-24 13:14:24,037:INFO:1100101 1100110 1100110 1100101
2020-04-24 13:14:24,038:INFO:converted to binary successfully
2020-04-24 13:14:24,802:INFO:1100101 1100110 1100110 1100101
2020-04-24 13:14:24,803:INFO:converted to binary successfully
2020-04-24 13:14:24,804:INFO:1100101 1100110 1100110 1100101
2020-04-24 13:14:24,804:INFO:converted to binary successfully
2020-04-24 13:14:25,585:INFO:output in bytes
2020-04-24 13:14:26,065:INFO:output in bytes
2020-04-24 13:14:28,719:INFO:output in bytes
2020-04-24 13:14:44,935:INFO:
2020-04-24 13:14:44,935:INFO:converted to binary successfully
2020-04-24 13:14:44,936:INFO:
2020-04-24 13:14:44,938:INFO:converted to binary successfully
2020-04-24 13:15:45,888:INFO:1110001 110011 1110001
2020-04-24 13:15:45,889:INFO:converted to binary successfully
2020-04-24 13:15:45,889:INFO:1110001 110011 1110001
2020-04-24 13:15:45,890:INFO:converted to binary successfully
2020-04-24 13:16:22,931:INFO:
2020-04-24 13:16:22,931:INFO:converted to binary successfully
2020-04-24 13:16:22,932:INFO:
2020-04-24 13:16:22,932:INFO:converted to binary successfully
2020-04-24 13:16:28,835:INFO:110010 110010 110010
2020-04-24 13:16:28,837:INFO:converted to binary successfully
2020-04-24 13:16:28,837:INFO:110010 110010 110010
2020-04-24 13:16:28,837:INFO:converted to binary successfully
2020-04-24 13:24:50,777:INFO:1101010
2020-04-24 13:24:50,777:INFO:converted to binary successfully
2020-04-24 13:24:50,780:INFO:1101010
2020-04-24 13:24:50,780:INFO:converted to binary successfully
2020-04-24 13:24:51,458:INFO:1101010
2020-04-24 13:24:51,459:INFO:converted to binary successfully
2020-04-24 13:24:51,460:INFO:1101010
2020-04-24 13:24:51,460:INFO:converted to binary successfully
2020-04-24 13:26:26,358:INFO:1100101 1100111 1100101
2020-04-24 13:26:26,359:INFO:converted to binary successfully
2020-04-24 13:26:26,360:INFO:1100101 1100111 1100101
2020-04-24 13:26:26,360:INFO:converted to binary successfully
2020-04-24 13:26:26,783:INFO:1100101 1100111 1100101
2020-04-24 13:26:26,784:INFO:converted to binary successfully
2020-04-24 13:26:26,784:INFO:1100101 1100111 1100101
2020-04-24 13:26:26,785:INFO:converted to binary successfully
2020-04-24 13:28:11,114:INFO:output in bytes
2020-04-24 13:28:38,274:INFO:output in bytes
2020-04-24 13:29:29,004:INFO:output in bytes
2020-04-24 13:29:29,496:INFO:output in bytes
2020-04-24 13:29:30,335:INFO:output in bytes
2020-04-24 13:29:31,045:INFO:output in bytes
2020-04-24 13:53:41,830:INFO:1100110 1100101 1100110 1100101
2020-04-24 13:53:41,831:INFO:converted to binary successfully
2020-04-24 13:53:41,833:INFO:1100110 1100101 1100110 1100101
2020-04-24 13:53:41,833:INFO:converted to binary successfully
2020-04-24 13:53:43,462:INFO:1100110 1100101 1100110 1100101
2020-04-24 13:53:43,463:INFO:converted to binary successfully
2020-04-24 13:53:43,463:INFO:1100110 1100101 1100110 1100101
2020-04-24 13:53:43,464:INFO:converted to binary successfully
2020-04-24 13:54:14,540:INFO:1110111 1100100 1110111
2020-04-24 13:54:14,542:INFO:converted to binary successfully
2020-04-24 13:54:14,542:INFO:1110111 1100100 1110111
2020-04-24 13:54:14,543:INFO:converted to binary successfully
2020-04-24 13:54:37,734:INFO:output in bytes
2020-04-24 13:54:40,297:INFO:110011 1110010 110011 1110010
2020-04-24 13:54:40,299:INFO:converted to binary successfully
2020-04-24 13:54:40,299:INFO:110011 1110010 110011 1110010
2020-04-24 13:54:40,300:INFO:converted to binary successfully
2020-04-24 13:54:41,641:INFO:output in bytes
2020-04-24 13:54:43,677:INFO:output in bytes
2020-04-24 13:54:45,295:INFO:output in bytes
2020-04-24 13:54:46,217:INFO:110011 1110010 110011 1110010
2020-04-24 13:54:46,218:INFO:converted to binary successfully
2020-04-24 13:54:46,220:INFO:110011 1110010 110011 1110010
2020-04-24 13:54:46,220:INFO:converted to binary successfully
2020-04-24 13:55:38,460:INFO:output in bytes
2020-04-24 13:55:39,085:INFO:output in bytes
2020-04-24 13:55:40,693:INFO:1100110 1100101 1100110 1100101
2020-04-24 13:55:40,694:INFO:converted to binary successfully
2020-04-24 13:55:40,695:INFO:1100110 1100101 1100110 1100101
2020-04-24 13:55:40,695:INFO:converted to binary successfully
2020-04-24 13:55:41,187:INFO:1100110 1100101 1100110 1100101
2020-04-24 13:55:41,189:INFO:converted to binary successfully
2020-04-24 13:55:41,190:INFO:1100110 1100101 1100110 1100101
2020-04-24 13:55:41,190:INFO:converted to binary successfully
2020-04-24 13:55:41,812:INFO:1100110 1100101 1100110 1100101
2020-04-24 13:55:41,813:INFO:converted to binary successfully
2020-04-24 13:55:41,815:INFO:1100110 1100101 1100110 1100101
2020-04-24 13:55:41,815:INFO:converted to binary successfully
2020-04-24 13:55:54,496:INFO:output in bytes
2020-04-24 13:55:55,355:INFO:output in bytes
2020-04-24 13:55:57,837:INFO:110100 1100110 110100 1100110 110100 1100110
2020-04-24 13:55:57,838:INFO:converted to binary successfully
2020-04-24 13:55:57,838:INFO:110100 1100110 110100 1100110 110100 1100110
2020-04-24 13:55:57,839:INFO:converted to binary successfully
2020-04-24 13:55:59,827:INFO:110100 1100110 110100 1100110 110100 1100110
2020-04-24 13:55:59,828:INFO:converted to binary successfully
2020-04-24 13:55:59,828:INFO:110100 1100110 110100 1100110 110100 1100110
2020-04-24 13:55:59,829:INFO:converted to binary successfully
2020-04-24 13:56:40,791:INFO:1110011
2020-04-24 13:56:40,791:INFO:converted to binary successfully
2020-04-24 13:56:40,792:INFO:1110011
2020-04-24 13:56:40,793:INFO:converted to binary successfully
2020-04-24 13:56:41,565:INFO:1110011
2020-04-24 13:56:41,566:INFO:converted to binary successfully
2020-04-24 13:56:41,567:INFO:1110011
2020-04-24 13:56:41,567:INFO:converted to binary successfully
2020-04-24 13:56:42,305:INFO:1110011
2020-04-24 13:56:42,306:INFO:converted to binary successfully
2020-04-24 13:56:42,308:INFO:1110011
2020-04-24 13:56:42,308:INFO:converted to binary successfully
2020-04-24 13:56:44,095:INFO:1110011
2020-04-24 13:56:44,096:INFO:converted to binary successfully
2020-04-24 13:56:44,097:INFO:1110011
2020-04-24 13:56:44,097:INFO:converted to binary successfully
2020-04-24 13:57:04,384:INFO:1100111 1100011 1110100 1100011 1110100
2020-04-24 13:57:04,385:INFO:converted to binary successfully
2020-04-24 13:57:04,385:INFO:1100111 1100011 1110100 1100011 1110100
2020-04-24 13:57:04,386:INFO:converted to binary successfully
2020-04-24 13:57:05,008:INFO:1100111 1100011 1110100 1100011 1110100
2020-04-24 13:57:05,008:INFO:converted to binary successfully
2020-04-24 13:57:05,009:INFO:1100111 1100011 1110100 1100011 1110100
2020-04-24 13:57:05,009:INFO:converted to binary successfully
2020-04-24 13:57:05,702:INFO:1100111 1100011 1110100 1100011 1110100
2020-04-24 13:57:05,703:INFO:converted to binary successfully
2020-04-24 13:57:05,704:INFO:1100111 1100011 1110100 1100011 1110100
2020-04-24 13:57:05,704:INFO:converted to binary successfully
2020-04-24 13:57:08,504:INFO:output in bytes
2020-04-24 13:57:09,475:INFO:output in bytes
2020-04-24 13:57:20,064:INFO:1110110 1111001 1100011 1111001 1100011
2020-04-24 13:57:20,065:INFO:converted to binary successfully
2020-04-24 13:57:20,066:INFO:1110110 1111001 1100011 1111001 1100011
2020-04-24 13:57:20,067:INFO:converted to binary successfully
2020-04-24 13:57:20,955:INFO:output in bytes
2020-04-24 13:57:22,230:INFO:1110110 1111001 1100011 1111001 1100011
2020-04-24 13:57:22,231:INFO:converted to binary successfully
2020-04-24 13:57:22,233:INFO:1110110 1111001 1100011 1111001 1100011
2020-04-24 13:57:22,233:INFO:converted to binary successfully
2020-04-24 13:57:23,058:INFO:output in bytes
2020-04-24 13:57:26,896:INFO:1110110 1111001 1100011 1111001 1100011
2020-04-24 13:57:26,896:INFO:converted to binary successfully
2020-04-24 13:57:26,896:INFO:1110110 1111001 1100011 1111001 1100011
2020-04-24 13:57:26,897:INFO:converted to binary successfully
2020-04-24 13:57:27,788:INFO:1110110 1111001 1100011 1111001 1100011
2020-04-24 13:57:27,788:INFO:converted to binary successfully
2020-04-24 13:57:27,790:INFO:1110110 1111001 1100011 1111001 1100011
2020-04-24 13:57:27,790:INFO:converted to binary successfully
2020-04-24 13:57:28,896:INFO:output in bytes
2020-04-24 13:57:29,774:INFO:1110110 1111001 1100011 1111001 1100011
2020-04-24 13:57:29,774:INFO:converted to binary successfully
2020-04-24 13:57:29,775:INFO:1110110 1111001 1100011 1111001 1100011
2020-04-24 13:57:29,776:INFO:converted to binary successfully
2020-04-24 13:57:30,625:INFO:output in bytes
2020-04-24 13:59:24,859:INFO:1100110 1100101 1100110 110010 1100110
2020-04-24 13:59:24,860:INFO:converted to binary successfully
2020-04-24 13:59:24,861:INFO:1100110 1100101 1100110 110010 1100110
2020-04-24 13:59:24,861:INFO:converted to binary successfully
2020-04-24 13:59:26,252:INFO:output in bytes
2020-04-24 13:59:58,084:INFO:1101010 1101010 1101010
2020-04-24 13:59:58,085:INFO:converted to binary successfully
2020-04-24 13:59:58,086:INFO:1101010 1101010 1101010
2020-04-24 13:59:58,086:INFO:converted to binary successfully
2020-04-24 13:59:59,099:INFO:output in bytes
2020-04-24 14:00:12,829:INFO:1110101 1100110 1110101 1100110 1110101 1100110
2020-04-24 14:00:12,830:INFO:converted to binary successfully
2020-04-24 14:00:12,830:INFO:1110101 1100110 1110101 1100110 1110101 1100110
2020-04-24 14:00:12,831:INFO:converted to binary successfully
2020-04-24 14:00:13,693:INFO:output in bytes
2020-04-24 14:00:14,948:INFO:output in bytes
2020-04-24 14:03:32,240:INFO:1110110 1101001 1110111 1100010 1110110 1101001 1110111
2020-04-24 14:03:32,241:INFO:converted to binary successfully
2020-04-24 14:03:32,241:INFO:1110110 1101001 1110111 1100010 1110110 1101001 1110111
2020-04-24 14:03:32,242:INFO:converted to binary successfully
2020-04-24 14:03:33,070:INFO:output in bytes
2020-04-24 14:03:33,537:INFO:output in bytes
2020-04-24 14:03:35,283:INFO:output in bytes
2020-04-24 14:03:35,727:INFO:1110110 1101001 1110111 1100010 1110110 1101001 1110111
2020-04-24 14:03:35,728:INFO:converted to binary successfully
2020-04-24 14:03:35,728:INFO:1110110 1101001 1110111 1100010 1110110 1101001 1110111
2020-04-24 14:03:35,729:INFO:converted to binary successfully
2020-04-24 14:03:37,395:INFO:output in bytes
2020-04-24 14:03:37,887:INFO:1110110 1101001 1110111 1100010 1110110 1101001 1110111
2020-04-24 14:03:37,889:INFO:converted to binary successfully
2020-04-24 14:03:37,890:INFO:1110110 1101001 1110111 1100010 1110110 1101001 1110111
2020-04-24 14:03:37,890:INFO:converted to binary successfully
2020-04-24 14:03:39,532:INFO:output in bytes
2020-04-24 14:03:40,006:INFO:1110110 1101001 1110111 1100010 1110110 1101001 1110111
2020-04-24 14:03:40,006:INFO:converted to binary successfully
2020-04-24 14:03:40,008:INFO:1110110 1101001 1110111 1100010 1110110 1101001 1110111
2020-04-24 14:03:40,008:INFO:converted to binary successfully
2020-04-24 14:03:40,367:INFO:1110110 1101001 1110111 1100010 1110110 1101001 1110111
2020-04-24 14:03:40,368:INFO:converted to binary successfully
2020-04-24 14:03:40,369:INFO:1110110 1101001 1110111 1100010 1110110 1101001 1110111
2020-04-24 14:03:40,369:INFO:converted to binary successfully
2020-04-24 14:03:42,976:INFO:output in bytes
2020-04-24 14:03:43,414:INFO:1110110 1101001 1110111 1100010 1110110 1101001 1110111
2020-04-24 14:03:43,415:INFO:converted to binary successfully
2020-04-24 14:03:43,415:INFO:1110110 1101001 1110111 1100010 1110110 1101001 1110111
2020-04-24 14:03:43,415:INFO:converted to binary successfully
2020-04-24 14:08:27,855:INFO:1100001 1101010 1100001 1100010 1100001 1100010 1101001
2020-04-24 14:08:27,856:INFO:converted to binary successfully
2020-04-24 14:08:27,857:INFO:1100001 1101010 1100001 1100010 1100001 1100010 1101001
2020-04-24 14:08:27,857:INFO:converted to binary successfully
2020-04-24 14:08:28,476:INFO:1100001 1101010 1100001 1100010 1100001 1100010 1101001
2020-04-24 14:08:28,477:INFO:converted to binary successfully
2020-04-24 14:08:28,478:INFO:1100001 1101010 1100001 1100010 1100001 1100010 1101001
2020-04-24 14:08:28,478:INFO:converted to binary successfully
2020-04-24 14:08:35,747:INFO:1100001
2020-04-24 14:08:35,748:INFO:converted to binary successfully
2020-04-24 14:08:35,749:INFO:1100001
2020-04-24 14:08:35,749:INFO:converted to binary successfully
2020-04-24 14:08:36,324:INFO:1100001
2020-04-24 14:08:36,326:INFO:converted to binary successfully
2020-04-24 14:08:36,327:INFO:1100001
2020-04-24 14:08:36,327:INFO:converted to binary successfully
2020-04-24 14:08:37,112:INFO:1100001
2020-04-24 14:08:37,112:INFO:converted to binary successfully
2020-04-24 14:08:37,113:INFO:1100001
2020-04-24 14:08:37,113:INFO:converted to binary successfully
2020-04-24 14:09:43,818:INFO:1100010
2020-04-24 14:09:43,819:INFO:converted to binary successfully
2020-04-24 14:09:43,819:INFO:1100010
2020-04-24 14:09:43,820:INFO:converted to binary successfully
2020-04-24 14:09:44,617:INFO:output in bytes
2020-04-24 14:09:53,657:INFO:output in bytes
2020-04-24 14:09:54,041:INFO:output in bytes
2020-04-24 14:09:54,621:INFO:output in bytes
2020-04-24 14:09:56,793:INFO:1110110
2020-04-24 14:09:56,794:INFO:converted to binary successfully
2020-04-24 14:09:56,794:INFO:1110110
2020-04-24 14:09:56,795:INFO:converted to binary successfully
2020-04-24 14:09:57,221:INFO:1110110
2020-04-24 14:09:57,222:INFO:converted to binary successfully
2020-04-24 14:09:57,223:INFO:1110110
2020-04-24 14:09:57,224:INFO:converted to binary successfully
2020-04-24 14:09:57,646:INFO:1110110
2020-04-24 14:09:57,646:INFO:converted to binary successfully
2020-04-24 14:09:57,648:INFO:1110110
2020-04-24 14:09:57,648:INFO:converted to binary successfully
2020-04-24 14:10:02,020:INFO:1110110 1100111 110001 1100100 111000
2020-04-24 14:10:02,021:INFO:converted to binary successfully
2020-04-24 14:10:02,023:INFO:1110110 1100111 110001 1100100 111000
2020-04-24 14:10:02,023:INFO:converted to binary successfully
2020-04-24 14:10:06,684:INFO:output in bytes
2020-04-24 14:10:48,404:INFO:1100100 1101110 1110111 1101001 1101111 1100100 1101110 1110111
2020-04-24 14:10:48,405:INFO:converted to binary successfully
2020-04-24 14:10:48,406:INFO:1100100 1101110 1110111 1101001 1101111 1100100 1101110 1110111
2020-04-24 14:10:48,406:INFO:converted to binary successfully
2020-04-24 14:10:48,800:INFO:1100100 1101110 1110111 1101001 1101111 1100100 1101110 1110111
2020-04-24 14:10:48,801:INFO:converted to binary successfully
2020-04-24 14:10:48,802:INFO:1100100 1101110 1110111 1101001 1101111 1100100 1101110 1110111
2020-04-24 14:10:48,802:INFO:converted to binary successfully
2020-04-24 14:11:17,793:INFO:output in bytes
2020-04-24 14:11:19,054:INFO:output in bytes
2020-04-24 14:11:19,575:INFO:1110111
2020-04-24 14:11:19,576:INFO:converted to binary successfully
2020-04-24 14:11:19,577:INFO:1110111
2020-04-24 14:11:19,577:INFO:converted to binary successfully
2020-04-24 14:11:20,001:INFO:1110111
2020-04-24 14:11:20,003:INFO:converted to binary successfully
2020-04-24 14:11:20,004:INFO:1110111
2020-04-24 14:11:20,004:INFO:converted to binary successfully
2020-04-24 14:11:20,546:INFO:1110111
2020-04-24 14:11:20,547:INFO:converted to binary successfully
2020-04-24 14:11:20,549:INFO:1110111
2020-04-24 14:11:20,549:INFO:converted to binary successfully
2020-04-24 14:11:25,258:INFO:1110111 1110011 1100100
2020-04-24 14:11:25,259:INFO:converted to binary successfully
2020-04-24 14:11:25,260:INFO:1110111 1110011 1100100
2020-04-24 14:11:25,260:INFO:converted to binary successfully
2020-04-24 14:11:25,841:INFO:output in bytes
2020-04-24 14:12:00,373:INFO:output in bytes
2020-04-24 14:12:01,241:INFO:1110011
2020-04-24 14:12:01,242:INFO:converted to binary successfully
2020-04-24 14:12:01,244:INFO:1110011
2020-04-24 14:12:01,244:INFO:converted to binary successfully
2020-04-24 17:10:13,635:INFO:1110000 1100001 1110010
2020-04-24 17:10:13,636:INFO:converted to binary successfully
2020-04-24 17:10:13,638:INFO:1110000 1100001 1110010
2020-04-24 17:10:13,638:INFO:converted to binary successfully
2020-04-24 17:10:15,776:INFO:output in bytes
2020-04-24 17:10:20,526:INFO:output in bytes
2020-04-24 17:10:27,185:INFO:1110000 1100001 1110010 1110110 1110110 1110110 1110110 1110110 1110110 1110110
2020-04-24 17:10:27,185:INFO:converted to binary successfully
2020-04-24 17:10:27,186:INFO:1110000 1100001 1110010 1110110 1110110 1110110 1110110 1110110 1110110 1110110
2020-04-24 17:10:27,186:INFO:converted to binary successfully
2020-04-26 13:53:16,690:INFO:output in bytes
2020-04-26 13:53:17,906:INFO:1110101 1110101
2020-04-26 13:53:17,908:INFO:converted to binary successfully
2020-04-26 13:53:17,908:INFO:1110101 1110101
2020-04-26 13:53:17,908:INFO:converted to binary successfully
2020-04-26 13:53:19,290:INFO:1110101 1110101
2020-04-26 13:53:19,291:INFO:converted to binary successfully
2020-04-26 13:53:19,292:INFO:1110101 1110101
2020-04-26 13:53:19,293:INFO:converted to binary successfully
2020-04-26 13:53:20,434:INFO:output in bytes
2020-04-26 13:53:51,538:INFO:output in bytes
2020-04-26 13:53:52,856:INFO:1101000 1101000
2020-04-26 13:53:52,857:INFO:converted to binary successfully
2020-04-26 13:53:52,858:INFO:1101000 1101000
2020-04-26 13:53:52,858:INFO:converted to binary successfully
2020-04-26 13:54:38,357:INFO:output in bytes
2020-04-26 13:54:39,545:INFO:1100111 1110101
2020-04-26 13:54:39,546:INFO:converted to binary successfully
2020-04-26 13:54:39,547:INFO:1100111 1110101
2020-04-26 13:54:39,548:INFO:converted to binary successfully
2020-04-26 13:54:40,759:INFO:1100111 1110101
2020-04-26 13:54:40,759:INFO:converted to binary successfully
2020-04-26 13:54:40,761:INFO:1100111 1110101
2020-04-26 13:54:40,761:INFO:converted to binary successfully
2020-04-26 13:56:35,173:INFO:1101010 1101011 1100010 1110101
2020-04-26 13:56:35,173:INFO:converted to binary successfully
2020-04-26 13:56:35,173:INFO:1101010 1101011 1100010 1110101
2020-04-26 13:56:35,174:INFO:converted to binary successfully
2020-04-26 13:56:39,425:INFO:1101010 1101011 1100010 1110101 1100011 1111001 1100011 1111001 1111001
2020-04-26 13:56:39,425:INFO:converted to binary successfully
2020-04-26 13:56:39,426:INFO:1101010 1101011 1100010 1110101 1100011 1111001 1100011 1111001 1111001
2020-04-26 13:56:39,426:INFO:converted to binary successfully
2020-04-26 13:56:40,090:INFO:1101010 1101011 1100010 1110101 1100011 1111001 1100011 1111001 1111001
2020-04-26 13:56:40,091:INFO:converted to binary successfully
2020-04-26 13:56:40,091:INFO:1101010 1101011 1100010 1110101 1100011 1111001 1100011 1111001 1111001
2020-04-26 13:56:40,091:INFO:converted to binary successfully
2020-04-26 15:15:59,288:INFO:output in bytes
2020-04-26 15:16:00,559:INFO:
2020-04-26 15:16:00,559:INFO:converted to binary successfully
2020-04-26 15:16:00,559:INFO:
2020-04-26 15:16:00,559:INFO:converted to binary successfully
2020-04-26 15:16:00,949:INFO:
2020-04-26 15:16:00,949:INFO:converted to binary successfully
2020-04-26 15:16:00,949:INFO:
2020-04-26 15:16:00,949:INFO:converted to binary successfully
2020-04-26 15:16:01,764:INFO:output in bytes
2020-04-26 15:16:02,373:INFO:
2020-04-26 15:16:02,373:INFO:converted to binary successfully
2020-04-26 15:16:02,373:INFO:
2020-04-26 15:16:02,373:INFO:converted to binary successfully
2020-04-26 15:16:02,827:INFO:output in bytes
2020-04-26 16:35:48,005:INFO:Email sent successfully
2020-04-26 16:36:58,179:INFO:output in bytes
2020-04-26 16:37:02,891:INFO:1101010 1100101 1101100 1101100 1101111 1101111 1110011
2020-04-26 16:37:02,891:INFO:converted to binary successfully
2020-04-26 16:37:02,891:INFO:1101010 1100101 1101100 1101100 1101111 1101111 1110011
2020-04-26 16:37:02,891:INFO:converted to binary successfully
2020-04-26 16:37:08,861:INFO:1101010 1100101 1101100
2020-04-26 16:37:08,861:INFO:converted to binary successfully
2020-04-26 16:37:08,861:INFO:1101010 1100101 1101100
2020-04-26 16:37:08,861:INFO:converted to binary successfully
2020-04-26 16:37:13,725:INFO:output in bytes
2020-04-28 12:52:35,405:INFO:output in bytes
2020-04-28 12:52:38,490:INFO:1110111 1100101 1101100 1100011 1101111 1101101 1100101 100000 1110100 1101111 1110100 100000 1101000 1100101 100000 1110000 1110010 1101111 1101010 1100101 1100011 1110100 1010 1100110 1110010 1101111 1101101 100000 1010 1000001 1100100 1101001 1110100 1111001 1100001
2020-04-28 12:52:38,490:INFO:converted to binary successfully
2020-04-28 12:52:38,491:INFO:1110111 1100101 1101100 1100011 1101111 1101101 1100101 100000 1110100 1101111 1110100 100000 1101000 1100101 100000 1110000 1110010 1101111 1101010 1100101 1100011 1110100 1010 1100110 1110010 1101111 1101101 100000 1010 1000001 1100100 1101001 1110100 1111001 1100001
2020-04-28 12:52:38,491:INFO:converted to binary successfully
2020-04-28 12:53:12,385:INFO:Email sent successfully
2020-04-28 13:05:34,660:INFO:output in bytes
2020-04-28 13:05:37,873:INFO:output in bytes
2020-04-28 13:06:25,429:INFO:Email sent successfully
2020-04-28 13:09:26,833:INFO:output in bytes
2020-04-28 13:09:33,974:INFO:output in bytes
2020-04-28 13:20:30,576:INFO:110100 1110100 110100 1110100
2020-04-28 13:20:30,576:INFO:converted to binary successfully
2020-04-28 13:20:30,576:INFO:110100 1110100 110100 1110100
2020-04-28 13:20:30,576:INFO:converted to binary successfully
2020-04-28 13:25:02,564:INFO:1101000 1101111 1100101 1100110 1101000 110000 1101111
2020-04-28 13:25:02,565:INFO:converted to binary successfully
2020-04-28 13:25:02,565:INFO:1101000 1101111 1100101 1100110 1101000 110000 1101111
2020-04-28 13:25:02,565:INFO:converted to binary successfully
2020-04-28 13:25:15,048:INFO:1110100 110100
2020-04-28 13:25:15,049:INFO:converted to binary successfully
2020-04-28 13:25:15,049:INFO:1110100 110100
2020-04-28 13:25:15,049:INFO:converted to binary successfully
2020-04-28 13:28:20,645:INFO:output in bytes
2020-04-28 13:28:21,992:INFO:1101000 1110111 1101111 1100110 1101000 1101111 1110111
2020-04-28 13:28:21,993:INFO:converted to binary successfully
2020-04-28 13:28:21,993:INFO:1101000 1110111 1101111 1100110 1101000 1101111 1110111
2020-04-28 13:28:21,993:INFO:converted to binary successfully
2020-04-28 13:28:56,999:INFO:1101001 1100010 1110010
2020-04-28 13:28:57,000:INFO:converted to binary successfully
2020-04-28 13:28:57,000:INFO:1101001 1100010 1110010
2020-04-28 13:28:57,000:INFO:converted to binary successfully
2020-04-28 13:30:36,494:INFO:1110000 1100001 1110010 1110110
2020-04-28 13:30:36,495:INFO:converted to binary successfully
2020-04-28 13:30:36,495:INFO:1110000 1100001 1110010 1110110
2020-04-28 13:30:36,495:INFO:converted to binary successfully
2020-04-28 13:30:47,565:INFO:1110000 1100001 1110010 1110110 100000 1110111 1101000 1101111 1100100 1110111 1101000 1101111 1110111 100000 1101001 1100110 1101110 1101111 1110111 1100110
2020-04-28 13:30:47,566:INFO:converted to binary successfully
2020-04-28 13:30:47,566:INFO:1110000 1100001 1110010 1110110 100000 1110111 1101000 1101111 1100100 1110111 1101000 1101111 1110111 100000 1101001 1100110 1101110 1101111 1110111 1100110
2020-04-28 13:30:47,566:INFO:converted to binary successfully
2020-04-28 13:30:53,389:INFO:1110000 1100001 1110010 1110110 100000 1110111 1101000 1101111 1100100 1110111 1101000 1101111 1110111 100000 1101001 1100110 1101110 1101111 1110111 1100110 100000 110010 1101111 110010 1101000 1110010 110010 1101000 1110010 1101111 1110010 110010
2020-04-28 13:30:53,389:INFO:converted to binary successfully
2020-04-28 13:30:53,389:INFO:1110000 1100001 1110010 1110110 100000 1110111 1101000 1101111 1100100 1110111 1101000 1101111 1110111 100000 1101001 1100110 1101110 1101111 1110111 1100110 100000 110010 1101111 110010 1101000 1110010 110010 1101000 1110010 1101111 1110010 110010
2020-04-28 13:30:53,389:INFO:converted to binary successfully
2020-04-28 13:30:55,154:INFO:1110000 1100001 1110010 1110110 100000 1110111 1101000 1101111 1100100 1110111 1101000 1101111 1110111 100000 1101001 1100110 1101110 1101111 1110111 1100110 100000 110010 1101111 110010 1101000 1110010 110010 1101000 1110010 1101111 1110010 110010
2020-04-28 13:30:55,154:INFO:converted to binary successfully
2020-04-28 13:30:55,154:INFO:1110000 1100001 1110010 1110110 100000 1110111 1101000 1101111 1100100 1110111 1101000 1101111 1110111 100000 1101001 1100110 1101110 1101111 1110111 1100110 100000 110010 1101111 110010 1101000 1110010 110010 1101000 1110010 1101111 1110010 110010
2020-04-28 13:30:55,154:INFO:converted to binary successfully
2020-04-28 13:31:02,135:INFO:1110000 1100001 1110010 1110110 100000 1110111 1101000 1101111 1100100 1110111 1101000 1101111 1110111 100000 1101001 1100110 1101110 1101111 1110111 1100110 100000 110010 1101111 110010 1101000 1110010 110010 1101000 1110010 100000 1110010 1101110 110010 1101111 1110010 1101000 110010 1101000 1110010 110010 1101000 100000 110010 1101001 1110010 1101000 110010 111001 1101000 1110010 110010 1101000 1110010 1101111 1110010 110010
2020-04-28 13:31:02,135:INFO:converted to binary successfully
2020-04-28 13:31:02,135:INFO:1110000 1100001 1110010 1110110 100000 1110111 1101000 1101111 1100100 1110111 1101000 1101111 1110111 100000 1101001 1100110 1101110 1101111 1110111 1100110 100000 110010 1101111 110010 1101000 1110010 110010 1101000 1110010 100000 1110010 1101110 110010 1101111 1110010 1101000 110010 1101000 1110010 110010 1101000 100000 110010 1101001 1110010 1101000 110010 111001 1101000 1110010 110010 1101000 1110010 1101111 1110010 110010
2020-04-28 13:31:02,135:INFO:converted to binary successfully
2020-04-28 13:34:04,274:INFO:Email sent successfully
2020-04-28 13:38:15,247:INFO:output in bytes
2020-04-28 13:38:16,701:INFO:
2020-04-28 13:38:16,701:INFO:converted to binary successfully
2020-04-28 13:38:16,701:INFO:
2020-04-28 13:38:16,701:INFO:converted to binary successfully
2020-04-28 13:40:44,232:INFO:output in bytes
2020-04-28 13:44:32,470:INFO:output in bytes
2020-04-28 13:44:33,552:INFO:1110000 1100001 1110010 1110110 1110110
2020-04-28 13:44:33,552:INFO:converted to binary successfully
2020-04-28 13:44:33,552:INFO:1110000 1100001 1110010 1110110 1110110
2020-04-28 13:44:33,552:INFO:converted to binary successfully
2020-04-28 16:34:04,607:INFO:output in bytes
2020-04-28 16:34:05,848:INFO:1110000 1100001 1100110 1110111 1101001 1100001 1110111 1100010 1100110 1101111 100000 1100110 1101000 1100001 1101111 1110111 1101000 1100110 100000 1101000 1100110 1101111 1100001 1101000 1100111
2020-04-28 16:34:05,848:INFO:converted to binary successfully
2020-04-28 16:34:05,848:INFO:1110000 1100001 1100110 1110111 1101001 1100001 1110111 1100010 1100110 1101111 100000 1100110 1101000 1100001 1101111 1110111 1101000 1100110 100000 1101000 1100110 1101111 1100001 1101000 1100111
2020-04-28 16:34:05,849:INFO:converted to binary successfully
2020-04-28 17:09:32,482:INFO:1100010 1101001 1101001 1101111 1101001 1100010 1101001
2020-04-28 17:09:32,482:INFO:converted to binary successfully
2020-04-28 17:09:32,482:INFO:1100010 1101001 1101001 1101111 1101001 1100010 1101001
2020-04-28 17:09:32,483:INFO:converted to binary successfully
2020-04-28 17:09:38,468:INFO:1100010 1101001 1101001 1101111 1101001 1100010 1101001 1100010 1101011 1100010 1101001 1100010 1101001 1100010 1101001 1100010 1101001 1100010 1101001 1100010 1101001 1100010 1101001
2020-04-28 17:09:38,468:INFO:converted to binary successfully
2020-04-28 17:09:38,468:INFO:1100010 1101001 1101001 1101111 1101001 1100010 1101001 1100010 1101011 1100010 1101001 1100010 1101001 1100010 1101001 1100010 1101001 1100010 1101001 1100010 1101001 1100010 1101001
2020-04-28 17:09:38,468:INFO:converted to binary successfully
2020-04-28 17:34:51,058:INFO:1110000 1100001 1110010 1110110 100000 1110010 1101001 1110100 1101001 1101100 1100001 1100001 1100001 1100001 1100001 1100001 1100001 1100001 1100001 1100001 1100001 1100001 1100001 1100001 1100001 1100001 1100001 1100001 1100001 1100001 1100001 1100001 1100001 1100001 1100001 1100001 1100001 1100001 1100001 1100001 1100001 1100001 1100001 1100001 1100001
2020-04-28 17:34:51,058:INFO:converted to binary successfully
2020-04-28 17:34:51,058:INFO:1110000 1100001 1110010 1110110 100000 1110010 1101001 1110100 1101001 1101100 1100001 1100001 1100001 1100001 1100001 1100001 1100001 1100001 1100001 1100001 1100001 1100001 1100001 1100001 1100001 1100001 1100001 1100001 1100001 1100001 1100001 1100001 1100001 1100001 1100001 1100001 1100001 1100001 1100001 1100001 1100001 1100001 1100001 1100001 1100001
2020-04-28 17:34:51,059:INFO:converted to binary successfully
2020-04-28 17:35:59,380:INFO:output in bytes
2020-04-28 17:36:01,057:INFO:output in bytes
2020-04-28 17:36:01,553:INFO:output in bytes
2020-04-28 17:50:10,240:INFO:1110011 1100100 1100110 1101111 100000 1101100 1101110 1100110 1101111 1100101 1100110 100000 1101110 1101111 1110011 1101111 1100101 1101111 1110111 1101110 1100101 1100111 1101111 1110111 1101110
2020-04-28 17:50:10,240:INFO:converted to binary successfully
2020-04-28 17:50:10,240:INFO:1110011 1100100 1100110 1101111 100000 1101100 1101110 1100110 1101111 1100101 1100110 100000 1101110 1101111 1110011 1101111 1100101 1101111 1110111 1101110 1100101 1100111 1101111 1110111 1101110
2020-04-28 17:50:10,240:INFO:converted to binary successfully
2020-04-30 19:17:38,780:INFO:Email sent successfully
2020-04-30 19:24:32,792:INFO:Email sent successfully
2020-04-30 20:01:45,965:INFO:output in bytes
2020-04-30 20:01:47,360:INFO:
2020-04-30 20:01:47,360:INFO:converted to binary successfully
2020-04-30 20:01:47,360:INFO:
2020-04-30 20:01:47,360:INFO:converted to binary successfully
2020-04-30 20:01:51,771:INFO:1100010 1100010 1110101
2020-04-30 20:01:51,771:INFO:converted to binary successfully
2020-04-30 20:01:51,771:INFO:1100010 1100010 1110101
2020-04-30 20:01:51,771:INFO:converted to binary successfully
2020-04-30 20:02:41,648:INFO:Email sent successfully
2020-04-30 20:03:55,659:INFO:output in bytes
2020-04-30 20:03:56,484:INFO:1110110 1101111 1101111 1101111 1101111 1101111 1101111 1101111 1101111 1101111 1101111 1101111
2020-04-30 20:03:56,484:INFO:converted to binary successfully
2020-04-30 20:03:56,484:INFO:1110110 1101111 1101111 1101111 1101111 1101111 1101111 1101111 1101111 1101111 1101111 1101111
2020-04-30 20:03:56,484:INFO:converted to binary successfully
2020-04-30 20:04:03,234:INFO:Email sent successfully
2020-04-30 20:05:48,027:INFO:output in bytes
2020-04-30 20:05:49,599:INFO:1110110 1101111 1101111 1101111 1101111 1101111 1101111 1101111 1101111 1101111 1101111 1101111 1101111
2020-04-30 20:05:49,599:INFO:converted to binary successfully
2020-04-30 20:05:49,599:INFO:1110110 1101111 1101111 1101111 1101111 1101111 1101111 1101111 1101111 1101111 1101111 1101111 1101111
2020-04-30 20:05:49,599:INFO:converted to binary successfully
2020-04-30 20:08:06,151:INFO:output in bytes
2020-04-30 20:08:06,879:INFO:1100001 1100001 1100001 1100001 1100001 1100001 1100001 1100001 1100001 1100001
2020-04-30 20:08:06,879:INFO:converted to binary successfully
2020-04-30 20:08:06,879:INFO:1100001 1100001 1100001 1100001 1100001 1100001 1100001 1100001 1100001 1100001
2020-04-30 20:08:06,879:INFO:converted to binary successfully
2020-04-30 20:08:13,825:INFO:Email sent successfully
2020-04-30 20:15:30,523:INFO:output in bytes
2020-04-30 20:15:31,266:INFO:1110011 1110011 1110011 1110011 1110011 1110011 1110011 1110011 1110011 1110011 1110011 1110011
2020-04-30 20:15:31,266:INFO:converted to binary successfully
2020-04-30 20:15:31,266:INFO:1110011 1110011 1110011 1110011 1110011 1110011 1110011 1110011 1110011 1110011 1110011 1110011
2020-04-30 20:15:31,266:INFO:converted to binary successfully
2020-04-30 20:18:15,411:INFO:Email sent successfully
2020-04-30 20:55:32,405:INFO:output in bytes
2020-04-30 20:55:33,123:INFO:1101110 1101110 1101110 1101110 1101110 1101110 1101110 1101110 1101110 1101110
2020-04-30 20:55:33,123:INFO:converted to binary successfully
2020-04-30 20:55:33,123:INFO:1101110 1101110 1101110 1101110 1101110 1101110 1101110 1101110 1101110 1101110
2020-04-30 20:55:33,123:INFO:converted to binary successfully
2020-04-30 20:56:29,517:INFO:Email sent successfully
2020-04-30 20:58:45,885:INFO:Email sent successfully
2020-04-30 20:59:57,845:INFO:Email sent successfully
2020-04-30 21:01:40,564:INFO:Email sent successfully
2020-04-30 21:23:19,642:INFO:Email sent successfully
2020-04-30 21:31:02,984:INFO:Email sent successfully
2020-04-30 21:44:41,967:INFO:Email sent successfully
2020-04-30 21:54:11,353:INFO:Email sent successfully
2020-04-30 21:59:53,494:INFO:Email sent successfully
2020-04-30 22:01:04,545:INFO:Email sent successfully
2020-04-30 22:04:46,284:INFO:Email sent successfully
2020-04-30 22:05:33,290:INFO:output in bytes
2020-04-30 22:05:34,569:INFO:1101001 1100110 1101000 1110111
2020-04-30 22:05:34,569:INFO:converted to binary successfully
2020-04-30 22:05:34,569:INFO:1101001 1100110 1101000 1110111
2020-04-30 22:05:34,569:INFO:converted to binary successfully
2020-04-30 22:06:58,518:INFO:Email sent successfully
2020-04-30 22:07:13,783:INFO:Email sent successfully
2020-05-07 11:56:02,904:INFO:output in bytes
2020-05-07 11:56:05,638:INFO:1110100 1101000 1110011 100000 1101001 1110011 100000 1100010 1101111 1100100 1111001 100000
2020-05-07 11:56:05,638:INFO:converted to binary successfully
2020-05-07 11:56:05,638:INFO:1110100 1101000 1110011 100000 1101001 1110011 100000 1100010 1101111 1100100 1111001 100000
2020-05-07 11:56:05,638:INFO:converted to binary successfully
2020-05-07 11:56:16,961:INFO:Email sent successfully
2020-06-03 23:08:34,526:INFO:output in bytes
2020-06-03 23:08:35,953:INFO:1110000 1100001 1110010 1110110 100000 1101001 1110011 100000 1100001
2020-06-03 23:08:35,953:INFO:converted to binary successfully
2020-06-03 23:08:35,954:INFO:1110000 1100001 1110010 1110110 100000 1101001 1110011 100000 1100001
2020-06-03 23:08:35,954:INFO:converted to binary successfully
2020-06-03 23:08:44,993:INFO:1110000 1100001 1110010 1110110 100000 1101001 1110011 100000 1100001 100000 1110111 1101001 1101110 1101110 1100101 1110010 100000 1101111 1100110 100000 1110100 1101000 1100101 100000 1100110 1101111 1101100 1101100 1101111 1110111
2020-06-03 23:08:44,994:INFO:converted to binary successfully
2020-06-03 23:08:44,994:INFO:1110000 1100001 1110010 1110110 100000 1101001 1110011 100000 1100001 100000 1110111 1101001 1101110 1101110 1100101 1110010 100000 1101111 1100110 100000 1110100 1101000 1100101 100000 1100110 1101111 1101100 1101100 1101111 1110111
2020-06-03 23:08:44,994:INFO:converted to binary successfully
